Arguments: 
  /usr/local/bin/node /usr/local/bin/yarn add @darkobits/lolcatjs

PATH: 
  /usr/local/bin:/usr/bin:/bin:/usr/sbin:/sbin

Yarn version: 
  1.5.1

Node version: 
  10.15.3

Platform: 
  darwin x64

npm manifest: 
  {
    "name": "custom_cli",
    "version": "1.0.0",
    "main": "index.js",
    "license": "MIT",
    "bin": {
      "custom_cli": "bin/c_c"
    },
    "scripts": {},
    "dependencies": {
      "figlet": "^1.2.4"
    }
  }

yarn manifest: 
  No manifest

Lockfile: 
  # THIS IS AN AUTOGENERATED FILE. DO NOT EDIT THIS FILE DIRECTLY.
  # yarn lockfile v1
  
  
  figlet@^1.2.4:
    version "1.2.4"
    resolved "https://registry.yarnpkg.com/figlet/-/figlet-1.2.4.tgz#2d2f48b61a77418ba6cbd9db2e25da27efee16d0"

Trace: 
  Error: Received malformed response from registry for undefined. The registry may be down.
      at new MessageError (/usr/local/lib/node_modules/yarn/lib/cli.js:186:110)
      at Function.<anonymous> (/usr/local/lib/node_modules/yarn/lib/cli.js:51419:15)
      at Generator.next (<anonymous>)
      at step (/usr/local/lib/node_modules/yarn/lib/cli.js:98:30)
      at /usr/local/lib/node_modules/yarn/lib/cli.js:116:14
      at new Promise (<anonymous>)
      at new F (/usr/local/lib/node_modules/yarn/lib/cli.js:23451:28)
      at Function.<anonymous> (/usr/local/lib/node_modules/yarn/lib/cli.js:95:12)
      at Function.findVersionInRegistryResponse (/usr/local/lib/node_modules/yarn/lib/cli.js:51461:19)
      at NpmResolver.<anonymous> (/usr/local/lib/node_modules/yarn/lib/cli.js:51479:28)
